#
# A fatal error has been detected by the Java Runtime Environment:
#
#  SIGSEGV (0xb) at pc=0x00007f7d2955110d, pid=9184, tid=140174755538688
#
# JRE version: Java(TM) SE Runtime Environment (8.0_65-b17) (build 1.8.0_65-b17)
# Java VM: Java HotSpot(TM) 64-Bit Server VM (25.65-b01 mixed mode linux-amd64 compressed oops)
# Problematic frame:
# C  [libc.so.6+0x3c10d]
#
# Failed to write core dump. Core dumps have been disabled. To enable core dumping, try "ulimit -c unlimited" before starting Java again
#
# If you would like to submit a bug report, please visit:
#   http://bugreport.java.com/bugreport/crash.jsp
# The crash happened outside the Java Virtual Machine in native code.
# See problematic frame for where to report the bug.
#

---------------  T H R E A D  ---------------

Current thread (0x00007f7cbc08b800):  JavaThread "AWT-XAWT" daemon [_thread_in_native, id=9206, stack(0x00007f7cfa62a000,0x00007f7cfa82b000)]

siginfo: si_signo: 11 (SIGSEGV), si_code: 128 (SI_KERNEL), si_addr: 0x0000000000000000

Registers:
RAX=0x00007f7ccc000077, RBX=0x0000000000000001, RCX=0x00106f164c77ce60, RDX=0x000fef9980000f00
RSP=0x00007f7cfa829220, RBP=0x00007f7d298d76c8, RSI=0x00007f7ccc148aa0, RDI=0x00007f7cfa8291c0
R8 =0x0000000000000004, R9 =0x00007f7cb800c240, R10=0x00007f7cfa829020, R11=0x00007f7d295511e0
R12=0x0000000000000001, R13=0x00007f7ccc77bf70, R14=0x00007f7cbc035030, R15=0x00007f7cfa829288
RIP=0x00007f7d2955110d, EFLAGS=0x0000000000010206, CSGSFS=0x0000000000000033, ERR=0x0000000000000000
  TRAPNO=0x000000000000000d

Top of Stack: (sp=0x00007f7cfa829220)
0x00007f7cfa829220:   00007f7cb8000028 00007f7cbc033de0
0x00007f7cfa829230:   00007f7cb800c240 00007f7cb800c240
0x00007f7cfa829240:   0000000000000000 00007f7d295511f5
0x00007f7cfa829250:   0000000000000073 00007f7d27cd9698
0x00007f7cfa829260:   00007f7cbc033de0 00007f7d27cd780a
0x00007f7cfa829270:   00007f7cfa8292d0 0000000100000000
0x00007f7cfa829280:   00007f7cb800c240 0000000000000000
0x00007f7cfa829290:   00000000ee6f2098 00007f7cbc033de0
0x00007f7cfa8292a0:   0000000000000000 0000000000000000
0x00007f7cfa8292b0:   00007f7cfa829370 00007f7cfa829340
0x00007f7cfa8292c0:   00007f7cbc08b800 00007f7d27cd316d
0x00007f7cfa8292d0:   0000000000000000 00007f7cfaae2a78
0x00007f7cfa8292e0:   0000000000000000 00007f7cfa829300
0x00007f7cfa8292f0:   00007f7cfa829358 00007f7d08d10670
0x00007f7cfa829300:   00007f7cfa829350 00007f7d095bc1f6
0x00007f7cfa829310:   00000000c00c3ac0 00007f7cfa829318
0x00007f7cfa829320:   00007f7c832161af 00007f7cfa829370
0x00007f7cfa829330:   00007f7c83228020 0000000000000000
0x00007f7cfa829340:   00000000c0049f68 0000000000000000
0x00007f7cfa829350:   00007f7cfa8293c8 00007f7d09007c4d
0x00007f7cfa829360:   00007f7d09007c4d 00007f7d09007c4d
0x00007f7cfa829370:   0000000000000000 00007f7cbc033de0
0x00007f7cfa829380:   00007f7d09007760 00007f7cfa829388
0x00007f7cfa829390:   00007f7cfaaa6217 00007f7cfa8293d8
0x00007f7cfa8293a0:   00007f7cfaaaca78 0000000000000000
0x00007f7cfa8293b0:   00007f7cfaaa6240 00007f7cfa829370
0x00007f7cfa8293c0:   00007f7cfa8293e0 00007f7cfa829420
0x00007f7cfa8293d0:   00007f7d09007c4d 0000000000000000
0x00007f7cfa8293e0:   00007f7cfa8293e0 00007f7cfaada78f
0x00007f7cfa8293f0:   00007f7cfa829448 00007f7cfaadcc28
0x00007f7cfa829400:   0000000000000000 00007f7cfaada7a0
0x00007f7cfa829410:   00007f7cfa8293e0 00007f7cfa829440 

Instructions: (pc=0x00007f7d2955110d)
0x00007f7d295510ed:   ed 74 50 49 8b 45 08 48 89 c2 48 c1 e2 05 48 85
0x00007f7d295510fd:   c0 49 8d 4c 15 f0 74 2a 48 83 e8 01 49 89 45 08
0x00007f7d2955110d:   4c 8b 01 49 83 f8 03 0f 84 96 00 00 00 49 83 f8
0x00007f7d2955111d:   04 74 70 49 83 f8 02 74 4a 48 83 e9 20 48 85 c0 

Register to memory mapping:

RAX=0x00007f7ccc000077 is an unknown value
RBX=0x0000000000000001 is an unknown value
RCX=0x00106f164c77ce60 is an unknown value
RDX=0x000fef9980000f00 is an unknown value
RSP=0x00007f7cfa829220 is pointing into the stack for thread: 0x00007f7cbc08b800
RBP=0x00007f7d298d76c8: <offset 0x3c26c8> in /lib/x86_64-linux-gnu/libc.so.6 at 0x00007f7d29515000
RSI=0x00007f7ccc148aa0 is a global jni handle
RDI=0x00007f7cfa8291c0 is pointing into the stack for thread: 0x00007f7cbc08b800
R8 =0x0000000000000004 is an unknown value
R9 =0x00007f7cb800c240 is an unknown value
R10=0x00007f7cfa829020 is pointing into the stack for thread: 0x00007f7cbc08b800
R11=0x00007f7d295511e0: exit+0 in /lib/x86_64-linux-gnu/libc.so.6 at 0x00007f7d29515000
R12=0x0000000000000001 is an unknown value
R13=0x00007f7ccc77bf70 is an unknown value
R14=0x00007f7cbc035030 is an unknown value
R15=0x00007f7cfa829288 is pointing into the stack for thread: 0x00007f7cbc08b800


Stack: [0x00007f7cfa62a000,0x00007f7cfa82b000],  sp=0x00007f7cfa829220,  free space=2044k
Native frames: (J=compiled Java code, j=interpreted, Vv=VM code, C=native code)
C  [libc.so.6+0x3c10d]

Java frames: (J=compiled Java code, j=interpreted, Vv=VM code)
J 4791  sun.awt.X11.XlibWrapper.XSync(JI)V (0 bytes) @ 0x00007f7d095bc184 [0x00007f7d095bc140+0x44]
j  sun.awt.X11.XToolkit.XSync()V+7
j  sun.awt.X11.XWM.unshadeKludge(Lsun/awt/X11/XDecoratedPeer;)V+63
j  sun.awt.X11.XDecoratedPeer.handleReparentNotifyEvent(Lsun/awt/X11/XEvent;)V+139
j  sun.awt.X11.XBaseWindow.dispatchEvent(Lsun/awt/X11/XEvent;)V+270
J 21402 C2 sun.awt.X11.XToolkit.dispatchEvent(Lsun/awt/X11/XEvent;)V (181 bytes) @ 0x00007f7d0c80e888 [0x00007f7d0c80d8e0+0xfa8]
J 26974% C1 sun.awt.X11.XToolkit.run(Z)V (410 bytes) @ 0x00007f7d0d65a2a4 [0x00007f7d0d655d60+0x4544]
j  sun.awt.X11.XToolkit.run()V+5
j  java.lang.Thread.run()V+11
v  ~StubRoutines::call_stub

---------------  P R O C E S S  ---------------

Java Threads: ( => current thread )
  0x00007f7c8cfbd000 JavaThread "Inactive RequestProcessor thread [Was:org.netbeans.modules.project.ui.problems.BrokenProjectAnnotator.load/null]" daemon [_thread_blocked, id=13067, stack(0x00007f7c81699000,0x00007f7c8189a000)]
  0x00007f7c8c91d800 JavaThread "Inactive RequestProcessor thread [Was:RepositoryUpdater.worker/org.openide.util.RequestProcessor$RPFutureTask]" daemon [_thread_blocked, id=13066, stack(0x00007f7cf87a1000,0x00007f7cf89a2000)]
  0x00007f7cc001d000 JavaThread "Inactive RequestProcessor thread [Was:RepositoryUpdater.delay/org.netbeans.modules.parsing.impl.indexing.RepositoryUpdater$Task$3]" daemon [_thread_blocked, id=13065, stack(0x00007f7c367a9000,0x00007f7c369aa000)]
  0x00007f7ca801e000 JavaThread "Asynch children creator " daemon [_thread_blocked, id=13060, stack(0x00007f7c369aa000,0x00007f7c36bab000)]
  0x00007f7c98954000 JavaThread "Asynch children creator " daemon [_thread_blocked, id=13059, stack(0x00007f7c838c3000,0x00007f7c83ac4000)]
  0x00007f7ca8020000 JavaThread "System clipboard synchronizer" daemon [_thread_blocked, id=13058, stack(0x00007f7cf89a2000,0x00007f7cf8ba3000)]
  0x00007f7c98582000 JavaThread "Thread-56" [_thread_blocked, id=13057, stack(0x00007f7cfb4be000,0x00007f7cfb6bf000)]
  0x00007f7ce8010800 JavaThread "SIGTERM handler" daemon [_thread_blocked, id=13022, stack(0x00007f7c361a6000,0x00007f7c363a7000)]
  0x00007f7ce800f000 JavaThread "SIGHUP handler" daemon [_thread_blocked, id=13021, stack(0x00007f7c82c29000,0x00007f7c82e2a000)]
  0x00007f7c94dbe800 JavaThread "XToolkt-Shutdown-Thread" [_thread_blocked, id=13019, stack(0x00007f7c377b0000,0x00007f7c379b1000)]
  0x00007f7ce800e000 JavaThread "SIGHUP handler" daemon [_thread_blocked, id=13009, stack(0x00007f7c832c1000,0x00007f7c834c2000)]
  0x00007f7ce800d800 JavaThread "SIGTERM handler" daemon [_thread_blocked, id=13008, stack(0x00007f7cf8ba3000,0x00007f7cf8da4000)]
  0x00007f7c98947800 JavaThread "Explorer Actions" daemon [_thread_blocked, id=11158, stack(0x00007f7cf8da4000,0x00007f7cf8fa5000)]
  0x00007f7cc001b000 JavaThread "Asynch children creator " daemon [_thread_blocked, id=9335, stack(0x00007f7c365a8000,0x00007f7c367a9000)]
  0x00007f7c9871e800 JavaThread "org.netbeans.modules.project.ui.ProjectsRootNode$ProjectChildren" daemon [_thread_blocked, id=9334, stack(0x00007f7cf93a6000,0x00007f7cf95a7000)]
  0x00007f7c95840800 JavaThread "process reaper" daemon [_thread_blocked, id=9330, stack(0x00007f7d29fbd000,0x00007f7d29ff6000)]
  0x00007f7cc0002800 JavaThread "Thread-8" daemon [_thread_in_native, id=9275, stack(0x00007f7c34868000,0x00007f7c35069000)]
  0x00007f7ccc70c000 JavaThread "Prism Font Disposer" daemon [_thread_blocked, id=9274, stack(0x00007f7c35ba4000,0x00007f7c35da5000)]
  0x00007f7ccc2f2800 JavaThread "Watchdog-Timer-1" daemon [_thread_blocked, id=9251, stack(0x00007f7c38432000,0x00007f7c38633000)]
  0x00007f7ccc0ee800 JavaThread "Disposer" daemon [_thread_blocked, id=9249, stack(0x00007f7c3991f000,0x00007f7c39b20000)]
  0x00007f7c9859a800 JavaThread "JavaFX Application Thread" [_thread_in_native, id=9247, stack(0x00007f7c7e1d2000,0x00007f7c7e3d3000)]
  0x00007f7c98596000 JavaThread "Thread-6" daemon [_thread_blocked, id=9246, stack(0x00007f7c7e3d3000,0x00007f7c7e5d4000)]
  0x00007f7d18871000 JavaThread "DestroyJavaVM" [_thread_blocked, id=9186, stack(0x00007f7d2637b000,0x00007f7d2657c000)]
  0x00007f7cbcea1000 JavaThread "TimerQueue" daemon [_thread_blocked, id=9240, stack(0x00007f7c83ec4000,0x00007f7c840c5000)]
  0x00007f7cbcf17800 JavaThread "Worker-JM" [_thread_blocked, id=9234, stack(0x00007f7c842c5000,0x00007f7c844c6000)]
  0x00007f7cbc13c000 JavaThread "Deadlock Detector" [_thread_blocked, id=9233, stack(0x00007f7c844c6000,0x00007f7c846c7000)]
  0x00007f7c98311000 JavaThread "Thread-3" daemon [_thread_blocked, id=9232, stack(0x00007f7c84ad0000,0x00007f7c84cd1000)]
  0x00007f7c94013800 JavaThread "File Watcher" daemon [_thread_in_native, id=9224, stack(0x00007f7c8af03000,0x00007f7c8b104000)]
  0x00007f7cbca51800 JavaThread "AWT-EventQueue-0" [_thread_blocked, id=9223, stack(0x00007f7cf819e000,0x00007f7cf839f000)]
  0x00007f7cbcda7800 JavaThread "AWT-Shutdown" [_thread_blocked, id=9222, stack(0x00007f7cf839f000,0x00007f7cf85a0000)]
  0x00007f7cbc70f000 JavaThread "Editor Parsing Loop (201510222201)" daemon [_thread_blocked, id=9217, stack(0x00007f7cfa429000,0x00007f7cfa62a000)]
  0x00007f7cbd0de800 JavaThread "Bundle File Closer" daemon [_thread_blocked, id=9212, stack(0x00007f7cfa228000,0x00007f7cfa429000)]
  0x00007f7cbccee000 JavaThread "Framework Event Dispatcher" daemon [_thread_blocked, id=9211, stack(0x00007f7cf91a5000,0x00007f7cf93a6000)]
  0x00007f7cbc823800 JavaThread "Framework Active Thread" [_thread_blocked, id=9209, stack(0x00007f7cf95a7000,0x00007f7cf97a8000)]
=>0x00007f7cbc08b800 JavaThread "AWT-XAWT" daemon [_thread_in_native, id=9206, stack(0x00007f7cfa62a000,0x00007f7cfa82b000)]
  0x00007f7cbc09b000 JavaThread "Java2D Disposer" daemon [_thread_blocked, id=9205, stack(0x00007f7cfa82b000,0x00007f7cfaa2c000)]
  0x00007f7cbc02c000 JavaThread "RequestProcessor queue manager" daemon [_thread_blocked, id=9204, stack(0x00007f7cfb0bc000,0x00007f7cfb2bd000)]
  0x00007f7d187fd800 JavaThread "CLI Requests Server" daemon [_thread_in_native, id=9201, stack(0x00007f7d000c3000,0x00007f7d002c4000)]
  0x00007f7d185e7800 JavaThread "Active Reference Queue Daemon" daemon [_thread_blocked, id=9200, stack(0x00007f7d002c4000,0x00007f7d004c5000)]
  0x00007f7d182a8800 JavaThread "Service Thread" daemon [_thread_blocked, id=9198, stack(0x00007f7d009ee000,0x00007f7d00bef000)]
  0x00007f7d182a3800 JavaThread "C1 CompilerThread2" daemon [_thread_blocked, id=9197, stack(0x00007f7d00bef000,0x00007f7d00cf0000)]
  0x00007f7d182a1800 JavaThread "C2 CompilerThread1" daemon [_thread_blocked, id=9196, stack(0x00007f7d00cf0000,0x00007f7d00df1000)]
  0x00007f7d1829e800 JavaThread "C2 CompilerThread0" daemon [_thread_blocked, id=9195, stack(0x00007f7d00df1000,0x00007f7d00ef2000)]
  0x00007f7d1829d000 JavaThread "Signal Dispatcher" daemon [_thread_blocked, id=9194, stack(0x00007f7d00ef2000,0x00007f7d010f3000)]
  0x00007f7d18266000 JavaThread "Finalizer" daemon [_thread_blocked, id=9193, stack(0x00007f7d010f3000,0x00007f7d012f4000)]
  0x00007f7d18263800 JavaThread "Reference Handler" daemon [_thread_blocked, id=9192, stack(0x00007f7d012f4000,0x00007f7d014f5000)]

Other Threads:
  0x00007f7d1825e800 VMThread [stack: 0x00007f7d014f5000,0x00007f7d015f6000] [id=9191]
  0x00007f7d182ab800 WatcherThread [stack: 0x00007f7d008ed000,0x00007f7d009ee000] [id=9199]

VM state:not at safepoint (normal execution)

VM Mutex/Monitor currently owned by a thread: None

Heap:
 PSYoungGen      total 210944K, used 146267K [0x00000000eab00000, 0x00000000fc980000, 0x0000000100000000)
  eden space 179712K, 64% used [0x00000000eab00000,0x00000000f1bb2370,0x00000000f5a80000)
  from space 31232K, 98% used [0x00000000f6100000,0x00000000f7f24a58,0x00000000f7f80000)
  to   space 56832K, 0% used [0x00000000f9200000,0x00000000f9200000,0x00000000fc980000)
 ParOldGen       total 222208K, used 157975K [0x00000000c0000000, 0x00000000cd900000, 0x00000000eab00000)
  object space 222208K, 71% used [0x00000000c0000000,0x00000000c9a45f30,0x00000000cd900000)
 Metaspace       used 139550K, capacity 155038K, committed 155352K, reserved 1183744K
  class space    used 17850K, capacity 21956K, committed 22016K, reserved 1048576K

Card table byte_map: [0x00007f7d24707000,0x00007f7d24908000] byte_map_base: 0x00007f7d24107000

Marking Bits: (ParMarkBitMap*) 0x00007f7d294e9de0
 Begin Bits: [0x00007f7d02000000, 0x00007f7d03000000)
 End Bits:   [0x00007f7d03000000, 0x00007f7d04000000)

Polling page: 0x00007f7d2a12f000

CodeCache: size=245760Kb used=77302Kb max_used=77337Kb free=168457Kb
 bounds [0x00007f7d09000000, 0x00007f7d0dc40000, 0x00007f7d18000000]
 total_blobs=22557 nmethods=21368 adapters=1097
 compilation: enabled

Compilation events (10 events):
Event: 3375,783 Thread 0x00007f7d182a3800 28930       1       org.apache.lucene.document.Field$Index$1::omitNorms (2 bytes)
Event: 3375,783 Thread 0x00007f7d182a3800 nmethod 28930 0x00007f7d0c711f50 code [0x00007f7d0c7120a0, 0x00007f7d0c7121b0]
Event: 3376,037 Thread 0x00007f7d1829e800 nmethod 28931 0x00007f7d0bd65ad0 code [0x00007f7d0bd66240, 0x00007f7d0bd6bc58]
Event: 3376,037 Thread 0x00007f7d1829e800 28933       4       org.netbeans.modules.versioning.DelegatingVCS::getMetadataFolderNames (94 bytes)
Event: 3376,038 Thread 0x00007f7d1829e800 nmethod 28933 0x00007f7d09123710 code [0x00007f7d09123860, 0x00007f7d091238d8]
Event: 3376,117 Thread 0x00007f7d182a1800 nmethod 28873 0x00007f7d0dc25a50 code [0x00007f7d0dc26020, 0x00007f7d0dc2cdf8]
Event: 3376,593 Thread 0x00007f7d182a3800 28934       3       org.netbeans.modules.masterfs.providers.ProvidedExtensions::priorityIO (5 bytes)
Event: 3376,594 Thread 0x00007f7d182a3800 nmethod 28934 0x00007f7d0a4f0250 code [0x00007f7d0a4f03e0, 0x00007f7d0a4f0928]
Event: 3376,594 Thread 0x00007f7d182a3800 28935   !   3       org.netbeans.modules.masterfs.filebasedfs.utils.FileChangedManager::priorityIO (33 bytes)
Event: 3376,594 Thread 0x00007f7d182a3800 nmethod 28935 0x00007f7d0c711750 code [0x00007f7d0c7118e0, 0x00007f7d0c711dc8]

GC Heap History (10 events):
Event: 2258,880 GC heap before
{Heap before GC invocations=49 (full 6):
 PSYoungGen      total 269824K, used 261047K [0x00000000eab00000, 0x00000000ff880000, 0x0000000100000000)
  eden space 216576K, 99% used [0x00000000eab00000,0x00000000f7e0c0d8,0x00000000f7e80000)
  from space 53248K, 84% used [0x00000000fc480000,0x00000000ff061bb8,0x00000000ff880000)
  to   space 62464K, 0% used [0x00000000f7e80000,0x00000000f7e80000,0x00000000fbb80000)
 ParOldGen       total 222208K, used 139546K [0x00000000c0000000, 0x00000000cd900000, 0x00000000eab00000)
  object space 222208K, 62% used [0x00000000c0000000,0x00000000c8846a78,0x00000000cd900000)
 Metaspace       used 139454K, capacity 154982K, committed 155096K, reserved 1181696K
  class space    used 17842K, capacity 21920K, committed 22016K, reserved 1048576K
Event: 2258,908 GC heap after
Heap after GC invocations=49 (full 6):
 PSYoungGen      total 246784K, used 38389K [0x00000000eab00000, 0x00000000fec80000, 0x0000000100000000)
  eden space 208384K, 0% used [0x00000000eab00000,0x00000000eab00000,0x00000000f7680000)
  from space 38400K, 99% used [0x00000000f7e80000,0x00000000fa3fd748,0x00000000fa400000)
  to   space 60416K, 0% used [0x00000000fb180000,0x00000000fb180000,0x00000000fec80000)
 ParOldGen       total 222208K, used 139554K [0x00000000c0000000, 0x00000000cd900000, 0x00000000eab00000)
  object space 222208K, 62% used [0x00000000c0000000,0x00000000c8848a78,0x00000000cd900000)
 Metaspace       used 139454K, capacity 154982K, committed 155096K, reserved 1181696K
  class space    used 17842K, capacity 21920K, committed 22016K, reserved 1048576K
}
Event: 2479,008 GC heap before
{Heap before GC invocations=50 (full 6):
 PSYoungGen      total 246784K, used 245865K [0x00000000eab00000, 0x00000000fec80000, 0x0000000100000000)
  eden space 208384K, 99% used [0x00000000eab00000,0x00000000f759cda0,0x00000000f7680000)
  from space 38400K, 99% used [0x00000000f7e80000,0x00000000fa3fd748,0x00000000fa400000)
  to   space 60416K, 0% used [0x00000000fb180000,0x00000000fb180000,0x00000000fec80000)
 ParOldGen       total 222208K, used 139554K [0x00000000c0000000, 0x00000000cd900000, 0x00000000eab00000)
  object space 222208K, 62% used [0x00000000c0000000,0x00000000c8848a78,0x00000000cd900000)
 Metaspace       used 139462K, capacity 154982K, committed 155096K, reserved 1181696K
  class space    used 17842K, capacity 21920K, committed 22016K, reserved 1048576K
Event: 2479,033 GC heap after
Heap after GC invocations=50 (full 6):
 PSYoungGen      total 250368K, used 37197K [0x00000000eab00000, 0x00000000fe200000, 0x0000000100000000)
  eden space 200704K, 0% used [0x00000000eab00000,0x00000000eab00000,0x00000000f6f00000)
  from space 49664K, 74% used [0x00000000fb180000,0x00000000fd5d3448,0x00000000fe200000)
  to   space 58880K, 0% used [0x00000000f6f00000,0x00000000f6f00000,0x00000000fa880000)
 ParOldGen       total 222208K, used 139554K [0x00000000c0000000, 0x00000000cd900000, 0x00000000eab00000)
  object space 222208K, 62% used [0x00000000c0000000,0x00000000c8848a78,0x00000000cd900000)
 Metaspace       used 139462K, capacity 154982K, committed 155096K, reserved 1181696K
  class space    used 17842K, capacity 21920K, committed 22016K, reserved 1048576K
}
Event: 2772,544 GC heap before
{Heap before GC invocations=51 (full 6):
 PSYoungGen      total 250368K, used 236420K [0x00000000eab00000, 0x00000000fe200000, 0x0000000100000000)
  eden space 200704K, 99% used [0x00000000eab00000,0x00000000f6d8dbb8,0x00000000f6f00000)
  from space 49664K, 74% used [0x00000000fb180000,0x00000000fd5d3448,0x00000000fe200000)
  to   space 58880K, 0% used [0x00000000f6f00000,0x00000000f6f00000,0x00000000fa880000)
 ParOldGen       total 222208K, used 139554K [0x00000000c0000000, 0x00000000cd900000, 0x00000000eab00000)
  object space 222208K, 62% used [0x00000000c0000000,0x00000000c8848a78,0x00000000cd900000)
 Metaspace       used 139462K, capacity 154982K, committed 155096K, reserved 1181696K
  class space    used 17842K, capacity 21920K, committed 22016K, reserved 1048576K
